{"@timestamp":"2025-05-19T13:37:44.124677654Z","@version":"1","message":"batch acquisition of 0 triggers","logger_name":"org.quartz.core.QuartzSchedulerThread","thread_name":"quartzScheduler_QuartzSchedulerThread","level":"DEBUG","level_value":10000,"app":"APP_NAME_IS_UNDEFINED","env":"unknown"}
{"@timestamp":"2025-05-19T13:38:12.062652146Z","@version":"1","message":"batch acquisition of 0 triggers","logger_name":"org.quartz.core.QuartzSchedulerThread","thread_name":"quartzScheduler_QuartzSchedulerThread","level":"DEBUG","level_value":10000,"app":"APP_NAME_IS_UNDEFINED","env":"unknown"}
{"@timestamp":"2025-05-19T13:38:45.563285919Z","@version":"1","message":"batch acquisition of 0 triggers","logger_name":"org.quartz.core.QuartzSchedulerThread","thread_name":"quartzScheduler_QuartzSchedulerThread","level":"DEBUG","level_value":10000,"app":"APP_NAME_IS_UNDEFINED","env":"unknown"}
{"@timestamp":"2025-05-19T13:39:12.995219003Z","@version":"1","message":"batch acquisition of 0 triggers","logger_name":"org.quartz.core.QuartzSchedulerThread","thread_name":"quartzScheduler_QuartzSchedulerThread","level":"DEBUG","level_value":10000,"app":"APP_NAME_IS_UNDEFINED","env":"unknown"}
{"@timestamp":"2025-05-19T13:39:45.309892172Z","@version":"1","message":"batch acquisition of 0 triggers","logger_name":"org.quartz.core.QuartzSchedulerThread","thread_name":"quartzScheduler_QuartzSchedulerThread","level":"DEBUG","level_value":10000,"app":"APP_NAME_IS_UNDEFINED","env":"unknown"}
{"@timestamp":"2025-05-19T13:40:12.685276578Z","@version":"1","message":"batch acquisition of 0 triggers","logger_name":"org.quartz.core.QuartzSchedulerThread","thread_name":"quartzScheduler_QuartzSchedulerThread","level":"DEBUG","level_value":10000,"app":"APP_NAME_IS_UNDEFINED","env":"unknown"}
{"@timestamp":"2025-05-19T13:40:41.668567843Z","@version":"1","message":"batch acquisition of 0 triggers","logger_name":"org.quartz.core.QuartzSchedulerThread","thread_name":"quartzScheduler_QuartzSchedulerThread","level":"DEBUG","level_value":10000,"app":"APP_NAME_IS_UNDEFINED","env":"unknown"}
{"@timestamp":"2025-05-19T13:41:05.493738201Z","@version":"1","message":"batch acquisition of 0 triggers","logger_name":"org.quartz.core.QuartzSchedulerThread","thread_name":"quartzScheduler_QuartzSchedulerThread","level":"DEBUG","level_value":10000,"app":"APP_NAME_IS_UNDEFINED","env":"unknown"}
{"@timestamp":"2025-05-19T13:41:31.557214303Z","@version":"1","message":"batch acquisition of 0 triggers","logger_name":"org.quartz.core.QuartzSchedulerThread","thread_name":"quartzScheduler_QuartzSchedulerThread","level":"DEBUG","level_value":10000,"app":"APP_NAME_IS_UNDEFINED","env":"unknown"}
{"@timestamp":"2025-05-19T13:41:58.322262302Z","@version":"1","message":"batch acquisition of 0 triggers","logger_name":"org.quartz.core.QuartzSchedulerThread","thread_name":"quartzScheduler_QuartzSchedulerThread","level":"DEBUG","level_value":10000,"app":"APP_NAME_IS_UNDEFINED","env":"unknown"}
{"@timestamp":"2025-05-19T13:42:25.321665342Z","@version":"1","message":"batch acquisition of 0 triggers","logger_name":"org.quartz.core.QuartzSchedulerThread","thread_name":"quartzScheduler_QuartzSchedulerThread","level":"DEBUG","level_value":10000,"app":"APP_NAME_IS_UNDEFINED","env":"unknown"}
{"@timestamp":"2025-05-19T13:42:50.392552921Z","@version":"1","message":"batch acquisition of 0 triggers","logger_name":"org.quartz.core.QuartzSchedulerThread","thread_name":"quartzScheduler_QuartzSchedulerThread","level":"DEBUG","level_value":10000,"app":"APP_NAME_IS_UNDEFINED","env":"unknown"}
{"@timestamp":"2025-05-19T13:43:16.383925971Z","@version":"1","message":"batch acquisition of 0 triggers","logger_name":"org.quartz.core.QuartzSchedulerThread","thread_name":"quartzScheduler_QuartzSchedulerThread","level":"DEBUG","level_value":10000,"app":"APP_NAME_IS_UNDEFINED","env":"unknown"}
{"@timestamp":"2025-05-19T13:43:40.435841615Z","@version":"1","message":"batch acquisition of 0 triggers","logger_name":"org.quartz.core.QuartzSchedulerThread","thread_name":"quartzScheduler_QuartzSchedulerThread","level":"DEBUG","level_value":10000,"app":"APP_NAME_IS_UNDEFINED","env":"unknown"}
{"@timestamp":"2025-05-19T13:44:05.596220806Z","@version":"1","message":"batch acquisition of 0 triggers","logger_name":"org.quartz.core.QuartzSchedulerThread","thread_name":"quartzScheduler_QuartzSchedulerThread","level":"DEBUG","level_value":10000,"app":"APP_NAME_IS_UNDEFINED","env":"unknown"}
{"@timestamp":"2025-05-19T13:44:33.809066073Z","@version":"1","message":"batch acquisition of 0 triggers","logger_name":"org.quartz.core.QuartzSchedulerThread","thread_name":"quartzScheduler_QuartzSchedulerThread","level":"DEBUG","level_value":10000,"app":"APP_NAME_IS_UNDEFINED","env":"unknown"}
{"@timestamp":"2025-05-19T13:45:02.66642461Z","@version":"1","message":"batch acquisition of 0 triggers","logger_name":"org.quartz.core.QuartzSchedulerThread","thread_name":"quartzScheduler_QuartzSchedulerThread","level":"DEBUG","level_value":10000,"app":"APP_NAME_IS_UNDEFINED","env":"unknown"}
{"@timestamp":"2025-05-19T13:45:32.314871339Z","@version":"1","message":"batch acquisition of 0 triggers","logger_name":"org.quartz.core.QuartzSchedulerThread","thread_name":"quartzScheduler_QuartzSchedulerThread","level":"DEBUG","level_value":10000,"app":"APP_NAME_IS_UNDEFINED","env":"unknown"}
{"@timestamp":"2025-05-19T13:46:00.676153901Z","@version":"1","message":"batch acquisition of 0 triggers","logger_name":"org.quartz.core.QuartzSchedulerThread","thread_name":"quartzScheduler_QuartzSchedulerThread","level":"DEBUG","level_value":10000,"app":"APP_NAME_IS_UNDEFINED","env":"unknown"}
{"@timestamp":"2025-05-19T13:46:30.483065562Z","@version":"1","message":"batch acquisition of 0 triggers","logger_name":"org.quartz.core.QuartzSchedulerThread","thread_name":"quartzScheduler_QuartzSchedulerThread","level":"DEBUG","level_value":10000,"app":"APP_NAME_IS_UNDEFINED","env":"unknown"}
{"@timestamp":"2025-05-19T13:47:01.049480546Z","@version":"1","message":"batch acquisition of 0 triggers","logger_name":"org.quartz.core.QuartzSchedulerThread","thread_name":"quartzScheduler_QuartzSchedulerThread","level":"DEBUG","level_value":10000,"app":"APP_NAME_IS_UNDEFINED","env":"unknown"}
{"@timestamp":"2025-05-19T13:47:31.851531788Z","@version":"1","message":"batch acquisition of 0 triggers","logger_name":"org.quartz.core.QuartzSchedulerThread","thread_name":"quartzScheduler_QuartzSchedulerThread","level":"DEBUG","level_value":10000,"app":"APP_NAME_IS_UNDEFINED","env":"unknown"}
{"@timestamp":"2025-05-19T13:47:57.104448228Z","@version":"1","message":"batch acquisition of 0 triggers","logger_name":"org.quartz.core.QuartzSchedulerThread","thread_name":"quartzScheduler_QuartzSchedulerThread","level":"DEBUG","level_value":10000,"app":"APP_NAME_IS_UNDEFINED","env":"unknown"}
{"@timestamp":"2025-05-19T13:48:20.687939166Z","@version":"1","message":"batch acquisition of 0 triggers","logger_name":"org.quartz.core.QuartzSchedulerThread","thread_name":"quartzScheduler_QuartzSchedulerThread","level":"DEBUG","level_value":10000,"app":"APP_NAME_IS_UNDEFINED","env":"unknown"}
{"@timestamp":"2025-05-19T13:48:44.99020986Z","@version":"1","message":"batch acquisition of 0 triggers","logger_name":"org.quartz.core.QuartzSchedulerThread","thread_name":"quartzScheduler_QuartzSchedulerThread","level":"DEBUG","level_value":10000,"app":"APP_NAME_IS_UNDEFINED","env":"unknown"}
{"@timestamp":"2025-05-19T13:49:10.016212276Z","@version":"1","message":"batch acquisition of 0 triggers","logger_name":"org.quartz.core.QuartzSchedulerThread","thread_name":"quartzScheduler_QuartzSchedulerThread","level":"DEBUG","level_value":10000,"app":"APP_NAME_IS_UNDEFINED","env":"unknown"}
{"@timestamp":"2025-05-19T13:49:39.617064321Z","@version":"1","message":"batch acquisition of 0 triggers","logger_name":"org.quartz.core.QuartzSchedulerThread","thread_name":"quartzScheduler_QuartzSchedulerThread","level":"DEBUG","level_value":10000,"app":"APP_NAME_IS_UNDEFINED","env":"unknown"}
{"@timestamp":"2025-05-19T13:50:04.762787632Z","@version":"1","message":"batch acquisition of 0 triggers","logger_name":"org.quartz.core.QuartzSchedulerThread","thread_name":"quartzScheduler_QuartzSchedulerThread","level":"DEBUG","level_value":10000,"app":"APP_NAME_IS_UNDEFINED","env":"unknown"}
{"@timestamp":"2025-05-19T13:50:28.86743055Z","@version":"1","message":"batch acquisition of 0 triggers","logger_name":"org.quartz.core.QuartzSchedulerThread","thread_name":"quartzScheduler_QuartzSchedulerThread","level":"DEBUG","level_value":10000,"app":"APP_NAME_IS_UNDEFINED","env":"unknown"}
{"@timestamp":"2025-05-19T13:50:55.775307392Z","@version":"1","message":"batch acquisition of 0 triggers","logger_name":"org.quartz.core.QuartzSchedulerThread","thread_name":"quartzScheduler_QuartzSchedulerThread","level":"DEBUG","level_value":10000,"app":"APP_NAME_IS_UNDEFINED","env":"unknown"}
{"@timestamp":"2025-05-19T13:51:25.876101592Z","@version":"1","message":"batch acquisition of 0 triggers","logger_name":"org.quartz.core.QuartzSchedulerThread","thread_name":"quartzScheduler_QuartzSchedulerThread","level":"DEBUG","level_value":10000,"app":"APP_NAME_IS_UNDEFINED","env":"unknown"}
{"@timestamp":"2025-05-19T13:51:55.974569063Z","@version":"1","message":"batch acquisition of 0 triggers","logger_name":"org.quartz.core.QuartzSchedulerThread","thread_name":"quartzScheduler_QuartzSchedulerThread","level":"DEBUG","level_value":10000,"app":"APP_NAME_IS_UNDEFINED","env":"unknown"}
{"@timestamp":"2025-05-19T13:52:20.470203922Z","@version":"1","message":"batch acquisition of 0 triggers","logger_name":"org.quartz.core.QuartzSchedulerThread","thread_name":"quartzScheduler_QuartzSchedulerThread","level":"DEBUG","level_value":10000,"app":"APP_NAME_IS_UNDEFINED","env":"unknown"}
{"@timestamp":"2025-05-19T13:52:45.131941875Z","@version":"1","message":"batch acquisition of 0 triggers","logger_name":"org.quartz.core.QuartzSchedulerThread","thread_name":"quartzScheduler_QuartzSchedulerThread","level":"DEBUG","level_value":10000,"app":"APP_NAME_IS_UNDEFINED","env":"unknown"}
{"@timestamp":"2025-05-19T13:53:12.992754301Z","@version":"1","message":"batch acquisition of 0 triggers","logger_name":"org.quartz.core.QuartzSchedulerThread","thread_name":"quartzScheduler_QuartzSchedulerThread","level":"DEBUG","level_value":10000,"app":"APP_NAME_IS_UNDEFINED","env":"unknown"}
{"@timestamp":"2025-05-19T13:53:38.313439836Z","@version":"1","message":"batch acquisition of 0 triggers","logger_name":"org.quartz.core.QuartzSchedulerThread","thread_name":"quartzScheduler_QuartzSchedulerThread","level":"DEBUG","level_value":10000,"app":"APP_NAME_IS_UNDEFINED","env":"unknown"}
{"@timestamp":"2025-05-19T13:54:04.173847983Z","@version":"1","message":"batch acquisition of 0 triggers","logger_name":"org.quartz.core.QuartzSchedulerThread","thread_name":"quartzScheduler_QuartzSchedulerThread","level":"DEBUG","level_value":10000,"app":"APP_NAME_IS_UNDEFINED","env":"unknown"}
{"@timestamp":"2025-05-19T13:54:34.113453611Z","@version":"1","message":"batch acquisition of 0 triggers","logger_name":"org.quartz.core.QuartzSchedulerThread","thread_name":"quartzScheduler_QuartzSchedulerThread","level":"DEBUG","level_value":10000,"app":"APP_NAME_IS_UNDEFINED","env":"unknown"}
{"@timestamp":"2025-05-19T13:54:58.467958311Z","@version":"1","message":"batch acquisition of 0 triggers","logger_name":"org.quartz.core.QuartzSchedulerThread","thread_name":"quartzScheduler_QuartzSchedulerThread","level":"DEBUG","level_value":10000,"app":"APP_NAME_IS_UNDEFINED","env":"unknown"}
{"@timestamp":"2025-05-19T13:55:26.553448138Z","@version":"1","message":"batch acquisition of 0 triggers","logger_name":"org.quartz.core.QuartzSchedulerThread","thread_name":"quartzScheduler_QuartzSchedulerThread","level":"DEBUG","level_value":10000,"app":"APP_NAME_IS_UNDEFINED","env":"unknown"}
{"@timestamp":"2025-05-19T13:55:51.821181008Z","@version":"1","message":"batch acquisition of 0 triggers","logger_name":"org.quartz.core.QuartzSchedulerThread","thread_name":"quartzScheduler_QuartzSchedulerThread","level":"DEBUG","level_value":10000,"app":"APP_NAME_IS_UNDEFINED","env":"unknown"}
{"@timestamp":"2025-05-19T13:56:18.369481542Z","@version":"1","message":"batch acquisition of 0 triggers","logger_name":"org.quartz.core.QuartzSchedulerThread","thread_name":"quartzScheduler_QuartzSchedulerThread","level":"DEBUG","level_value":10000,"app":"APP_NAME_IS_UNDEFINED","env":"unknown"}
{"@timestamp":"2025-05-19T13:56:47.555632797Z","@version":"1","message":"batch acquisition of 0 triggers","logger_name":"org.quartz.core.QuartzSchedulerThread","thread_name":"quartzScheduler_QuartzSchedulerThread","level":"DEBUG","level_value":10000,"app":"APP_NAME_IS_UNDEFINED","env":"unknown"}
{"@timestamp":"2025-05-19T13:57:13.671196764Z","@version":"1","message":"batch acquisition of 0 triggers","logger_name":"org.quartz.core.QuartzSchedulerThread","thread_name":"quartzScheduler_QuartzSchedulerThread","level":"DEBUG","level_value":10000,"app":"APP_NAME_IS_UNDEFINED","env":"unknown"}
{"@timestamp":"2025-05-19T13:57:39.353013372Z","@version":"1","message":"batch acquisition of 0 triggers","logger_name":"org.quartz.core.QuartzSchedulerThread","thread_name":"quartzScheduler_QuartzSchedulerThread","level":"DEBUG","level_value":10000,"app":"APP_NAME_IS_UNDEFINED","env":"unknown"}
{"@timestamp":"2025-05-19T13:58:07.803502332Z","@version":"1","message":"batch acquisition of 0 triggers","logger_name":"org.quartz.core.QuartzSchedulerThread","thread_name":"quartzScheduler_QuartzSchedulerThread","level":"DEBUG","level_value":10000,"app":"APP_NAME_IS_UNDEFINED","env":"unknown"}
{"@timestamp":"2025-05-19T13:58:33.870539036Z","@version":"1","message":"batch acquisition of 0 triggers","logger_name":"org.quartz.core.QuartzSchedulerThread","thread_name":"quartzScheduler_QuartzSchedulerThread","level":"DEBUG","level_value":10000,"app":"APP_NAME_IS_UNDEFINED","env":"unknown"}
{"@timestamp":"2025-05-19T13:59:00.328281709Z","@version":"1","message":"batch acquisition of 0 triggers","logger_name":"org.quartz.core.QuartzSchedulerThread","thread_name":"quartzScheduler_QuartzSchedulerThread","level":"DEBUG","level_value":10000,"app":"APP_NAME_IS_UNDEFINED","env":"unknown"}
{"@timestamp":"2025-05-19T13:59:28.334707963Z","@version":"1","message":"batch acquisition of 0 triggers","logger_name":"org.quartz.core.QuartzSchedulerThread","thread_name":"quartzScheduler_QuartzSchedulerThread","level":"DEBUG","level_value":10000,"app":"APP_NAME_IS_UNDEFINED","env":"unknown"}
{"@timestamp":"2025-05-19T13:59:58.783073259Z","@version":"1","message":"batch acquisition of 0 triggers","logger_name":"org.quartz.core.QuartzSchedulerThread","thread_name":"quartzScheduler_QuartzSchedulerThread","level":"DEBUG","level_value":10000,"app":"APP_NAME_IS_UNDEFINED","env":"unknown"}
{"@timestamp":"2025-05-19T14:00:22.311881577Z","@version":"1","message":"batch acquisition of 0 triggers","logger_name":"org.quartz.core.QuartzSchedulerThread","thread_name":"quartzScheduler_QuartzSchedulerThread","level":"DEBUG","level_value":10000,"app":"APP_NAME_IS_UNDEFINED","env":"unknown"}
{"@timestamp":"2025-05-19T14:00:47.728857243Z","@version":"1","message":"batch acquisition of 0 triggers","logger_name":"org.quartz.core.QuartzSchedulerThread","thread_name":"quartzScheduler_QuartzSchedulerThread","level":"DEBUG","level_value":10000,"app":"APP_NAME_IS_UNDEFINED","env":"unknown"}
{"@timestamp":"2025-05-19T14:01:15.815000756Z","@version":"1","message":"batch acquisition of 0 triggers","logger_name":"org.quartz.core.QuartzSchedulerThread","thread_name":"quartzScheduler_QuartzSchedulerThread","level":"DEBUG","level_value":10000,"app":"APP_NAME_IS_UNDEFINED","env":"unknown"}
{"@timestamp":"2025-05-19T14:01:40.103495242Z","@version":"1","message":"batch acquisition of 0 triggers","logger_name":"org.quartz.core.QuartzSchedulerThread","thread_name":"quartzScheduler_QuartzSchedulerThread","level":"DEBUG","level_value":10000,"app":"APP_NAME_IS_UNDEFINED","env":"unknown"}
{"@timestamp":"2025-05-19T14:02:09.239641558Z","@version":"1","message":"batch acquisition of 0 triggers","logger_name":"org.quartz.core.QuartzSchedulerThread","thread_name":"quartzScheduler_QuartzSchedulerThread","level":"DEBUG","level_value":10000,"app":"APP_NAME_IS_UNDEFINED","env":"unknown"}
{"@timestamp":"2025-05-19T14:02:39.014213146Z","@version":"1","message":"batch acquisition of 0 triggers","logger_name":"org.quartz.core.QuartzSchedulerThread","thread_name":"quartzScheduler_QuartzSchedulerThread","level":"DEBUG","level_value":10000,"app":"APP_NAME_IS_UNDEFINED","env":"unknown"}
{"@timestamp":"2025-05-19T14:03:03.444039737Z","@version":"1","message":"batch acquisition of 0 triggers","logger_name":"org.quartz.core.QuartzSchedulerThread","thread_name":"quartzScheduler_QuartzSchedulerThread","level":"DEBUG","level_value":10000,"app":"APP_NAME_IS_UNDEFINED","env":"unknown"}
{"@timestamp":"2025-05-19T14:03:27.50955706Z","@version":"1","message":"batch acquisition of 0 triggers","logger_name":"org.quartz.core.QuartzSchedulerThread","thread_name":"quartzScheduler_QuartzSchedulerThread","level":"DEBUG","level_value":10000,"app":"APP_NAME_IS_UNDEFINED","env":"unknown"}
{"@timestamp":"2025-05-19T14:03:54.538230667Z","@version":"1","message":"batch acquisition of 0 triggers","logger_name":"org.quartz.core.QuartzSchedulerThread","thread_name":"quartzScheduler_QuartzSchedulerThread","level":"DEBUG","level_value":10000,"app":"APP_NAME_IS_UNDEFINED","env":"unknown"}
{"@timestamp":"2025-05-19T14:04:04.702934685Z","@version":"1","message":"Scheduler quartzScheduler_$_NON_CLUSTERED paused.","logger_name":"org.quartz.core.QuartzScheduler","thread_name":"SpringApplicationShutdownHook","level":"INFO","level_value":20000,"app":"APP_NAME_IS_UNDEFINED","env":"unknown"}
{"@timestamp":"2025-05-19T14:04:04.71101264Z","@version":"1","message":"Scheduler quartzScheduler_$_NON_CLUSTERED shutting down.","logger_name":"org.quartz.core.QuartzScheduler","thread_name":"SpringApplicationShutdownHook","level":"INFO","level_value":20000,"app":"APP_NAME_IS_UNDEFINED","env":"unknown"}
{"@timestamp":"2025-05-19T14:04:04.711035463Z","@version":"1","message":"Scheduler quartzScheduler_$_NON_CLUSTERED paused.","logger_name":"org.quartz.core.QuartzScheduler","thread_name":"SpringApplicationShutdownHook","level":"INFO","level_value":20000,"app":"APP_NAME_IS_UNDEFINED","env":"unknown"}
{"@timestamp":"2025-05-19T14:04:04.711069035Z","@version":"1","message":"Shutting down threadpool...","logger_name":"org.quartz.simpl.SimpleThreadPool","thread_name":"SpringApplicationShutdownHook","level":"DEBUG","level_value":10000,"app":"APP_NAME_IS_UNDEFINED","env":"unknown"}
{"@timestamp":"2025-05-19T14:04:04.711081787Z","@version":"1","message":"Shutdown of threadpool complete.","logger_name":"org.quartz.simpl.SimpleThreadPool","thread_name":"SpringApplicationShutdownHook","level":"DEBUG","level_value":10000,"app":"APP_NAME_IS_UNDEFINED","env":"unknown"}
{"@timestamp":"2025-05-19T14:04:04.71124319Z","@version":"1","message":"Scheduler quartzScheduler_$_NON_CLUSTERED shutdown complete.","logger_name":"org.quartz.core.QuartzScheduler","thread_name":"SpringApplicationShutdownHook","level":"INFO","level_value":20000,"app":"APP_NAME_IS_UNDEFINED","env":"unknown"}
{"@timestamp":"2025-05-19T14:04:04.717258644Z","@version":"1","message":"Freed 13 thread-local buffer(s) from thread: redisson-netty-1-26","logger_name":"io.netty.buffer.PoolThreadCache","thread_name":"redisson-netty-1-26","level":"DEBUG","level_value":10000,"app":"APP_NAME_IS_UNDEFINED","env":"unknown"}
{"@timestamp":"2025-05-19T14:04:04.717266085Z","@version":"1","message":"Freed 16 thread-local buffer(s) from thread: redisson-netty-1-5","logger_name":"io.netty.buffer.PoolThreadCache","thread_name":"redisson-netty-1-5","level":"DEBUG","level_value":10000,"app":"APP_NAME_IS_UNDEFINED","env":"unknown"}
{"@timestamp":"2025-05-19T14:04:04.717258575Z","@version":"1","message":"Freed 13 thread-local buffer(s) from thread: redisson-netty-1-18","logger_name":"io.netty.buffer.PoolThreadCache","thread_name":"redisson-netty-1-18","level":"DEBUG","level_value":10000,"app":"APP_NAME_IS_UNDEFINED","env":"unknown"}
{"@timestamp":"2025-05-19T14:04:04.717270735Z","@version":"1","message":"Freed 13 thread-local buffer(s) from thread: redisson-netty-1-10","logger_name":"io.netty.buffer.PoolThreadCache","thread_name":"redisson-netty-1-10","level":"DEBUG","level_value":10000,"app":"APP_NAME_IS_UNDEFINED","env":"unknown"}
{"@timestamp":"2025-05-19T14:04:04.717291359Z","@version":"1","message":"Freed 13 thread-local buffer(s) from thread: redisson-netty-1-12","logger_name":"io.netty.buffer.PoolThreadCache","thread_name":"redisson-netty-1-12","level":"DEBUG","level_value":10000,"app":"APP_NAME_IS_UNDEFINED","env":"unknown"}
{"@timestamp":"2025-05-19T14:04:04.717343257Z","@version":"1","message":"Freed 13 thread-local buffer(s) from thread: redisson-netty-1-30","logger_name":"io.netty.buffer.PoolThreadCache","thread_name":"redisson-netty-1-30","level":"DEBUG","level_value":10000,"app":"APP_NAME_IS_UNDEFINED","env":"unknown"}
{"@timestamp":"2025-05-19T14:04:04.717389114Z","@version":"1","message":"Freed 13 thread-local buffer(s) from thread: redisson-netty-1-1","logger_name":"io.netty.buffer.PoolThreadCache","thread_name":"redisson-netty-1-1","level":"DEBUG","level_value":10000,"app":"APP_NAME_IS_UNDEFINED","env":"unknown"}
{"@timestamp":"2025-05-19T14:04:04.717317339Z","@version":"1","message":"Freed 13 thread-local buffer(s) from thread: redisson-netty-1-22","logger_name":"io.netty.buffer.PoolThreadCache","thread_name":"redisson-netty-1-22","level":"DEBUG","level_value":10000,"app":"APP_NAME_IS_UNDEFINED","env":"unknown"}
{"@timestamp":"2025-05-19T14:04:04.717455575Z","@version":"1","message":"Freed 13 thread-local buffer(s) from thread: redisson-netty-1-20","logger_name":"io.netty.buffer.PoolThreadCache","thread_name":"redisson-netty-1-20","level":"DEBUG","level_value":10000,"app":"APP_NAME_IS_UNDEFINED","env":"unknown"}
{"@timestamp":"2025-05-19T14:04:04.717495265Z","@version":"1","message":"Freed 13 thread-local buffer(s) from thread: redisson-netty-1-14","logger_name":"io.netty.buffer.PoolThreadCache","thread_name":"redisson-netty-1-14","level":"DEBUG","level_value":10000,"app":"APP_NAME_IS_UNDEFINED","env":"unknown"}
{"@timestamp":"2025-05-19T14:04:04.717503593Z","@version":"1","message":"Freed 15 thread-local buffer(s) from thread: redisson-netty-1-2","logger_name":"io.netty.buffer.PoolThreadCache","thread_name":"redisson-netty-1-2","level":"DEBUG","level_value":10000,"app":"APP_NAME_IS_UNDEFINED","env":"unknown"}
{"@timestamp":"2025-05-19T14:04:04.717510209Z","@version":"1","message":"Freed 14 thread-local buffer(s) from thread: redisson-netty-1-3","logger_name":"io.netty.buffer.PoolThreadCache","thread_name":"redisson-netty-1-3","level":"DEBUG","level_value":10000,"app":"APP_NAME_IS_UNDEFINED","env":"unknown"}
{"@timestamp":"2025-05-19T14:04:04.717546363Z","@version":"1","message":"Freed 13 thread-local buffer(s) from thread: redisson-netty-1-8","logger_name":"io.netty.buffer.PoolThreadCache","thread_name":"redisson-netty-1-8","level":"DEBUG","level_value":10000,"app":"APP_NAME_IS_UNDEFINED","env":"unknown"}
{"@timestamp":"2025-05-19T14:04:04.717555479Z","@version":"1","message":"Freed 13 thread-local buffer(s) from thread: redisson-netty-1-16","logger_name":"io.netty.buffer.PoolThreadCache","thread_name":"redisson-netty-1-16","level":"DEBUG","level_value":10000,"app":"APP_NAME_IS_UNDEFINED","env":"unknown"}
{"@timestamp":"2025-05-19T14:04:04.717560985Z","@version":"1","message":"Freed 13 thread-local buffer(s) from thread: redisson-netty-1-24","logger_name":"io.netty.buffer.PoolThreadCache","thread_name":"redisson-netty-1-24","level":"DEBUG","level_value":10000,"app":"APP_NAME_IS_UNDEFINED","env":"unknown"}
{"@timestamp":"2025-05-19T14:04:04.717561729Z","@version":"1","message":"Freed 13 thread-local buffer(s) from thread: redisson-netty-1-4","logger_name":"io.netty.buffer.PoolThreadCache","thread_name":"redisson-netty-1-4","level":"DEBUG","level_value":10000,"app":"APP_NAME_IS_UNDEFINED","env":"unknown"}
{"@timestamp":"2025-05-19T14:04:04.717575608Z","@version":"1","message":"Freed 13 thread-local buffer(s) from thread: redisson-netty-1-28","logger_name":"io.netty.buffer.PoolThreadCache","thread_name":"redisson-netty-1-28","level":"DEBUG","level_value":10000,"app":"APP_NAME_IS_UNDEFINED","env":"unknown"}
{"@timestamp":"2025-05-19T14:04:04.717611594Z","@version":"1","message":"Freed 13 thread-local buffer(s) from thread: redisson-netty-1-6","logger_name":"io.netty.buffer.PoolThreadCache","thread_name":"redisson-netty-1-6","level":"DEBUG","level_value":10000,"app":"APP_NAME_IS_UNDEFINED","env":"unknown"}
{"@timestamp":"2025-05-19T14:04:04.718053628Z","@version":"1","message":"Shutting down ExecutorService 'asyncThreadPoolTaskExecutor'","logger_name":"ir.rayanovinmt.rnt_social_api.core.async.AsyncThreadPoolTaskExecutor","thread_name":"SpringApplicationShutdownHook","level":"DEBUG","level_value":10000,"app":"APP_NAME_IS_UNDEFINED","env":"unknown"}
{"@timestamp":"2025-05-19T14:04:04.720921428Z","@version":"1","message":"HikariPool-1 - Shutdown initiated...","logger_name":"com.zaxxer.hikari.HikariDataSource","thread_name":"SpringApplicationShutdownHook","level":"INFO","level_value":20000,"app":"APP_NAME_IS_UNDEFINED","env":"unknown"}
{"@timestamp":"2025-05-19T14:04:04.789563818Z","@version":"1","message":"WorkerThread is shut down.","logger_name":"org.quartz.simpl.SimpleThreadPool","thread_name":"quartzScheduler_Worker-7","level":"DEBUG","level_value":10000,"app":"APP_NAME_IS_UNDEFINED","env":"unknown"}
{"@timestamp":"2025-05-19T14:04:04.789649081Z","@version":"1","message":"WorkerThread is shut down.","logger_name":"org.quartz.simpl.SimpleThreadPool","thread_name":"quartzScheduler_Worker-9","level":"DEBUG","level_value":10000,"app":"APP_NAME_IS_UNDEFINED","env":"unknown"}
{"@timestamp":"2025-05-19T14:04:04.790771004Z","@version":"1","message":"WorkerThread is shut down.","logger_name":"org.quartz.simpl.SimpleThreadPool","thread_name":"quartzScheduler_Worker-3","level":"DEBUG","level_value":10000,"app":"APP_NAME_IS_UNDEFINED","env":"unknown"}
{"@timestamp":"2025-05-19T14:04:04.79172444Z","@version":"1","message":"WorkerThread is shut down.","logger_name":"org.quartz.simpl.SimpleThreadPool","thread_name":"quartzScheduler_Worker-2","level":"DEBUG","level_value":10000,"app":"APP_NAME_IS_UNDEFINED","env":"unknown"}
{"@timestamp":"2025-05-19T14:04:04.792431649Z","@version":"1","message":"WorkerThread is shut down.","logger_name":"org.quartz.simpl.SimpleThreadPool","thread_name":"quartzScheduler_Worker-4","level":"DEBUG","level_value":10000,"app":"APP_NAME_IS_UNDEFINED","env":"unknown"}
{"@timestamp":"2025-05-19T14:04:04.796343691Z","@version":"1","message":"WorkerThread is shut down.","logger_name":"org.quartz.simpl.SimpleThreadPool","thread_name":"quartzScheduler_Worker-1","level":"DEBUG","level_value":10000,"app":"APP_NAME_IS_UNDEFINED","env":"unknown"}
{"@timestamp":"2025-05-19T14:04:04.796343109Z","@version":"1","message":"WorkerThread is shut down.","logger_name":"org.quartz.simpl.SimpleThreadPool","thread_name":"quartzScheduler_Worker-5","level":"DEBUG","level_value":10000,"app":"APP_NAME_IS_UNDEFINED","env":"unknown"}
{"@timestamp":"2025-05-19T14:04:04.804254229Z","@version":"1","message":"WorkerThread is shut down.","logger_name":"org.quartz.simpl.SimpleThreadPool","thread_name":"quartzScheduler_Worker-6","level":"DEBUG","level_value":10000,"app":"APP_NAME_IS_UNDEFINED","env":"unknown"}
{"@timestamp":"2025-05-19T14:04:04.808815706Z","@version":"1","message":"WorkerThread is shut down.","logger_name":"org.quartz.simpl.SimpleThreadPool","thread_name":"quartzScheduler_Worker-8","level":"DEBUG","level_value":10000,"app":"APP_NAME_IS_UNDEFINED","env":"unknown"}
{"@timestamp":"2025-05-19T14:04:04.814213146Z","@version":"1","message":"WorkerThread is shut down.","logger_name":"org.quartz.simpl.SimpleThreadPool","thread_name":"quartzScheduler_Worker-10","level":"DEBUG","level_value":10000,"app":"APP_NAME_IS_UNDEFINED","env":"unknown"}
{"@timestamp":"2025-05-19T14:04:06.751403228Z","@version":"1","message":"HikariPool-1 - Shutdown completed.","logger_name":"com.zaxxer.hikari.HikariDataSource","thread_name":"SpringApplicationShutdownHook","level":"INFO","level_value":20000,"app":"APP_NAME_IS_UNDEFINED","env":"unknown"}
